SF:lib/Classes/database.dart
DA:13,3
DA:14,2
DA:17,1
DA:19,1
DA:21,1
DA:26,1
DA:28,1
DA:32,0
DA:33,0
DA:34,0
DA:37,0
DA:39,0
DA:40,0
DA:42,0
DA:45,0
DA:46,0
DA:47,0
DA:50,0
DA:52,0
DA:53,0
DA:54,0
DA:55,0
DA:63,1
DA:64,1
DA:65,0
DA:66,0
DA:67,0
DA:69,0
DA:70,0
DA:71,0
DA:72,0
DA:74,0
DA:75,0
DA:76,0
LF:34
LH:9
end_of_record
SF:lib/Classes/artist.dart
DA:12,0
DA:17,0
DA:21,0
DA:23,0
DA:24,0
DA:27,0
DA:28,0
LF:7
LH:0
end_of_record
SF:lib/Classes/person.dart
DA:15,0
DA:25,0
DA:26,0
DA:29,0
DA:30,0
DA:33,0
DA:34,0
DA:37,0
DA:38,0
DA:41,0
DA:42,0
DA:45,0
DA:46,0
DA:49,0
DA:50,0
DA:53,0
DA:54,0
DA:57,0
DA:59,0
LF:19
LH:0
end_of_record
SF:lib/Classes/playlist_song_manager.dart
DA:7,0
DA:8,0
DA:9,0
DA:10,0
DA:12,0
DA:14,0
DA:23,0
DA:26,0
DA:27,0
DA:30,0
DA:31,0
DA:35,0
DA:36,0
DA:39,0
DA:40,0
DA:44,0
DA:45,0
DA:48,0
DA:51,0
DA:52,0
DA:53,0
DA:57,0
DA:58,0
DA:61,0
DA:62,0
DA:66,0
DA:67,0
DA:71,0
DA:72,0
DA:76,0
DA:77,0
DA:80,0
DA:83,0
DA:84,0
DA:87,0
DA:90,0
DA:91,0
DA:92,0
DA:95,0
DA:96,0
DA:99,0
DA:100,0
LF:42
LH:0
end_of_record
SF:lib/Classes/song.dart
DA:15,0
DA:17,0
DA:20,0
DA:21,0
DA:22,0
DA:23,0
DA:24,0
DA:25,0
DA:28,0
DA:29,0
LF:10
LH:0
end_of_record
SF:lib/Classes/album.dart
DA:6,0
LF:1
LH:0
end_of_record
SF:lib/Classes/playlist.dart
DA:11,0
DA:23,0
DA:24,0
DA:27,0
DA:29,0
DA:30,0
DA:33,0
DA:34,0
DA:37,0
DA:38,0
DA:41,0
DA:42,0
DA:45,0
DA:46,0
LF:14
LH:0
end_of_record
SF:lib/Classes/voice.dart
DA:8,0
DA:14,0
DA:15,0
DA:18,0
DA:19,0
DA:20,0
LF:6
LH:0
end_of_record
